<?xml version="1.0" encoding="UTF-8"?>
<!-- Generated by org.testng.reporters.JUnitReportReporter -->
<testsuite hostname="DESKTOP-F280F2S" failures="0" tests="5" name="com.testngdemo.a.A" time="0.032" errors="0" timestamp="2022-08-09T14:54:44 IST" skipped="0">
  <testcase classname="com.testngdemo.a.A" name="m4" time="0.002"/>
  <system-out/>
  <testcase classname="com.testngdemo.a.A" name="m7" time="0.002"/>
  <system-out/>
  <testcase classname="com.testngdemo.a.A" name="m5" time="0.003"/>
  <system-out/>
  <testcase classname="com.testngdemo.a.A" name="m3" time="0.004"/>
  <system-out/>
  <testcase classname="com.testngdemo.a.A" name="m1" time="0.021"/>
  <system-out/>
</testsuite> <!-- com.testngdemo.a.A -->
