<?xml version="1.0" encoding="UTF-8"?>
<!-- Generated by org.testng.reporters.JUnitReportReporter -->
<testsuite hostname="DESKTOP-F280F2S" failures="0" tests="11" name="com.testngdemo.TestParameters2" time="10.041" errors="2" timestamp="2022-08-08T15:54:33 IST" skipped="0">
  <testcase classname="com.testngdemo.TestParameters2" name="m6" time="0.000"/>
  <system-out/>
  <testcase classname="com.testngdemo.TestParameters2" name="m6" time="0.000"/>
  <system-out/>
  <testcase classname="com.testngdemo.TestParameters2" name="m7" time="0.001"/>
  <system-out/>
  <testcase classname="com.testngdemo.TestParameters2" name="m2" time="0.006"/>
  <system-out/>
  <testcase classname="com.testngdemo.TestParameters2" name="m3" time="5.014">
    <error message="Method com.testngdemo.TestParameters2.m3() didn&#039;t finish within the time-out 5000" type="org.testng.internal.thread.ThreadTimeoutException">
      <![CDATA[org.testng.internal.thread.ThreadTimeoutException: Method com.testngdemo.TestParameters2.m3() didn't finish within the time-out 5000
at java.base@17.0.2/java.lang.Thread.sleep(Native Method)
at app//com.testngdemo.TestParameters2.m3(TestParameters2.java:27)
at java.base@17.0.2/jdk.internal.reflect.NativeMethodAccessorImpl.invoke0(Native Method)
at java.base@17.0.2/jdk.internal.reflect.NativeMethodAccessorImpl.invoke(NativeMethodAccessorImpl.java:77)
at java.base@17.0.2/jdk.internal.reflect.DelegatingMethodAccessorImpl.invoke(DelegatingMethodAccessorImpl.java:43)
at java.base@17.0.2/java.lang.reflect.Method.invoke(Method.java:568)
at app//org.testng.internal.invokers.MethodInvocationHelper.invokeMethod(MethodInvocationHelper.java:139)
at app//org.testng.internal.invokers.InvokeMethodRunnable.runOne(InvokeMethodRunnable.java:47)
at app//org.testng.internal.invokers.InvokeMethodRunnable.call(InvokeMethodRunnable.java:76)
at app//org.testng.internal.invokers.InvokeMethodRunnable.call(InvokeMethodRunnable.java:11)
at java.base@17.0.2/java.util.concurrent.FutureTask.run(FutureTask.java:264)
at java.base@17.0.2/java.util.concurrent.ThreadPoolExecutor.runWorker(ThreadPoolExecutor.java:1136)
at java.base@17.0.2/java.util.concurrent.ThreadPoolExecutor$Worker.run(ThreadPoolExecutor.java:635)
at java.base@17.0.2/java.lang.Thread.run(Thread.java:833)
]]>
    </error>
  </testcase> <!-- m3 -->
  <system-out/>
  <testcase classname="com.testngdemo.TestParameters2" name="m4" time="5.016">
    <error message="Method com.testngdemo.TestParameters2.m4() didn&#039;t finish within the time-out 5000" type="org.testng.internal.thread.ThreadTimeoutException">
      <![CDATA[org.testng.internal.thread.ThreadTimeoutException: Method com.testngdemo.TestParameters2.m4() didn't finish within the time-out 5000
at java.base@17.0.2/java.lang.Thread.sleep(Native Method)
at app//com.testngdemo.TestParameters2.m4(TestParameters2.java:32)
at java.base@17.0.2/jdk.internal.reflect.NativeMethodAccessorImpl.invoke0(Native Method)
at java.base@17.0.2/jdk.internal.reflect.NativeMethodAccessorImpl.invoke(NativeMethodAccessorImpl.java:77)
at java.base@17.0.2/jdk.internal.reflect.DelegatingMethodAccessorImpl.invoke(DelegatingMethodAccessorImpl.java:43)
at java.base@17.0.2/java.lang.reflect.Method.invoke(Method.java:568)
at app//org.testng.internal.invokers.MethodInvocationHelper.invokeMethod(MethodInvocationHelper.java:139)
at app//org.testng.internal.invokers.InvokeMethodRunnable.runOne(InvokeMethodRunnable.java:47)
at app//org.testng.internal.invokers.InvokeMethodRunnable.call(InvokeMethodRunnable.java:73)
at app//org.testng.internal.invokers.InvokeMethodRunnable.call(InvokeMethodRunnable.java:11)
at java.base@17.0.2/java.util.concurrent.FutureTask.run(FutureTask.java:264)
at java.base@17.0.2/java.util.concurrent.ThreadPoolExecutor.runWorker(ThreadPoolExecutor.java:1136)
at java.base@17.0.2/java.util.concurrent.ThreadPoolExecutor$Worker.run(ThreadPoolExecutor.java:635)
at java.base@17.0.2/java.lang.Thread.run(Thread.java:833)
]]>
    </error>
  </testcase> <!-- m4 -->
  <system-out/>
  <testcase classname="com.testngdemo.TestParameters2" name="m2" time="0.001"/>
  <system-out/>
  <testcase classname="com.testngdemo.TestParameters2" name="m6" time="0.001"/>
  <system-out/>
  <testcase classname="com.testngdemo.TestParameters2" name="m2" time="0.001"/>
  <system-out/>
  <testcase classname="com.testngdemo.TestParameters2" name="m6" time="0.001"/>
  <system-out/>
  <testcase classname="com.testngdemo.TestParameters2" name="m8" time="0.000"/>
  <system-out/>
</testsuite> <!-- com.testngdemo.TestParameters2 -->
