<?xml version="1.0" encoding="UTF-8"?>
<!-- Generated by org.testng.reporters.JUnitReportReporter -->
<testsuite hostname="DESKTOP-F280F2S" failures="0" tests="2" name="com.testngdemo.First" time="14.018" errors="0" timestamp="2022-08-06T10:37:43 IST" skipped="0">
  <testcase classname="com.testngdemo.First" name="m1" time="9.740"/>
  <system-out/>
  <testcase classname="com.testngdemo.First" name="m2" time="4.278"/>
  <system-out/>
</testsuite> <!-- com.testngdemo.First -->
