<?xml version="1.0" encoding="UTF-8"?>
<!-- Generated by org.testng.reporters.JUnitReportReporter -->
<testsuite hostname="DESKTOP-F280F2S" failures="0" tests="4" name="com.testngdemo.c.C" time="0.007" errors="0" timestamp="2022-08-09T14:54:44 IST" skipped="0">
  <testcase classname="com.testngdemo.c.C" name="m3" time="0.002"/>
  <system-out/>
  <testcase classname="com.testngdemo.c.C" name="m6" time="0.001"/>
  <system-out/>
  <testcase classname="com.testngdemo.c.C" name="m1" time="0.002"/>
  <system-out/>
  <testcase classname="com.testngdemo.c.C" name="m2" time="0.002"/>
  <system-out/>
</testsuite> <!-- com.testngdemo.c.C -->
