<?xml version="1.0" encoding="UTF-8"?>
<!-- Generated by org.testng.reporters.JUnitReportReporter -->
<testsuite hostname="DESKTOP-F280F2S" failures="0" tests="4" name="com.testngdemo.b.B" time="0.009" errors="0" timestamp="2022-08-09T14:54:44 IST" skipped="0">
  <testcase classname="com.testngdemo.b.B" name="m5" time="0.002"/>
  <system-out/>
  <testcase classname="com.testngdemo.b.B" name="m1" time="0.003"/>
  <system-out/>
  <testcase classname="com.testngdemo.b.B" name="m6" time="0.002"/>
  <system-out/>
  <testcase classname="com.testngdemo.b.B" name="m4" time="0.002"/>
  <system-out/>
</testsuite> <!-- com.testngdemo.b.B -->
