<?xml version="1.0" encoding="UTF-8"?>
<!-- Generated by org.testng.reporters.JUnitReportReporter -->
<testsuite hostname="DESKTOP-F280F2S" failures="0" tests="6" name="com.testngdemo.TestParameters" time="0.022" errors="0" timestamp="2022-08-08T13:11:08 IST" skipped="0">
  <testcase classname="com.testngdemo.TestParameters" name="m1" time="0.010"/>
  <system-out/>
  <testcase classname="com.testngdemo.TestParameters" name="m5" time="0.004"/>
  <system-out/>
  <testcase classname="com.testngdemo.TestParameters" name="m2" time="0.001"/>
  <system-out/>
  <testcase classname="com.testngdemo.TestParameters" name="m3" time="0.002"/>
  <system-out/>
  <testcase classname="com.testngdemo.TestParameters" name="m4" time="0.003"/>
  <system-out/>
  <testcase classname="com.testngdemo.TestParameters" name="m6" time="0.002"/>
  <system-out/>
</testsuite> <!-- com.testngdemo.TestParameters -->
