<?xml version="1.0" encoding="UTF-8"?>
<!-- Generated by org.testng.reporters.JUnitReportReporter -->
<testsuite hostname="DESKTOP-F280F2S" failures="0" tests="11" name="com.dataprovider.DataProviderDemo" time="0.022" errors="0" timestamp="2022-09-17T12:48:28 IST" skipped="0">
  <testcase classname="com.dataprovider.DataProviderDemo" name="m1" time="0.002"/>
  <system-out/>
  <testcase classname="com.dataprovider.DataProviderDemo" name="m1" time="0.002"/>
  <system-out/>
  <testcase classname="com.dataprovider.DataProviderDemo" name="m1" time="0.001"/>
  <system-out/>
  <testcase classname="com.dataprovider.DataProviderDemo" name="m1" time="0.002"/>
  <system-out/>
  <testcase classname="com.dataprovider.DataProviderDemo" name="m1" time="0.008"/>
  <system-out/>
  <testcase classname="com.dataprovider.DataProviderDemo" name="m1" time="0.002"/>
  <system-out/>
  <testcase classname="com.dataprovider.DataProviderDemo" name="m1" time="0.001"/>
  <system-out/>
  <testcase classname="com.dataprovider.DataProviderDemo" name="m1" time="0.001"/>
  <system-out/>
  <testcase classname="com.dataprovider.DataProviderDemo" name="m1" time="0.001"/>
  <system-out/>
  <testcase classname="com.dataprovider.DataProviderDemo" name="m1" time="0.001"/>
  <system-out/>
  <testcase classname="com.dataprovider.DataProviderDemo" name="m1" time="0.001"/>
  <system-out/>
</testsuite> <!-- com.dataprovider.DataProviderDemo -->
